<?xml version="1.0" encoding="UTF-8"?>
<!-- Generated by org.testng.reporters.JUnitXMLReporter -->
<testsuite hostname="AswinikumarsMBP.lan" name="Default test" tests="17" failures="2" timestamp="18 Aug 2021 14:44:27 GMT" time="9.56" errors="0">
  <testcase name="Verify_homescreen_hourly_ad_call_amazon_bid_id" time="1.806" classname="twc.Regression.TestCases.regressionTestCases"/>
  <testcase name="Verify_Feed1_ad_call_amazon_bid_id" time="0.657" classname="twc.Regression.TestCases.regressionTestCases"/>
  <testcase name="Verify_Feed2_ad_call_amazon_bid_id" time="0.5" classname="twc.Regression.TestCases.regressionTestCases"/>
  <testcase name="Verify_Feed3_ad_call_amazon_bid_id" time="0.437" classname="twc.Regression.TestCases.regressionTestCases"/>
  <testcase name="Verify_Feed4_ad_call_amazon_bid_id" time="0.63" classname="twc.Regression.TestCases.regressionTestCases"/>
  <testcase name="Verify_Hourly_Details_ad_call_amazon_bid_id" time="0.403" classname="twc.Regression.TestCases.regressionTestCases"/>
  <testcase name="Verify_Hourly1_Details_ad_call_amazon_bid_id" time="0.478" classname="twc.Regression.TestCases.regressionTestCases"/>
  <testcase name="Verify_Hourly2_Details_ad_call_amazon_bid_id" time="0.391" classname="twc.Regression.TestCases.regressionTestCases"/>
  <testcase name="Verify_Hourly3_Details_ad_call_amazon_bid_id" time="0.567" classname="twc.Regression.TestCases.regressionTestCases"/>
  <testcase name="Verify_Daily_Details_ad_call_amazon_bid_id" time="0.386" classname="twc.Regression.TestCases.regressionTestCases"/>
  <testcase name="Verify_Map_Details_ad_call_amazon_bid_id" time="0.736" classname="twc.Regression.TestCases.regressionTestCases"/>
  <testcase name="Verify_Today_Details_ad_call_amazon_bid_id" time="0.42" classname="twc.Regression.TestCases.regressionTestCases"/>
  <testcase name="Verify_AQ_Details_ad_call_amazon_bid_id" time="0.448" classname="twc.Regression.TestCases.regressionTestCases">
    <failure type="java.lang.AssertionError" message="Ad Call :iu=%2F7646%2Fapp_android_us%2Fdb_display%2Fcontent%2Faq not contains the Custom Parameter: amzn_b, hence Custom Parameter: amzn_b validation failed">
      <![CDATA[java.lang.AssertionError: Ad Call :iu=%2F7646%2Fapp_android_us%2Fdb_display%2Fcontent%2Faq not contains the Custom Parameter: amzn_b, hence Custom Parameter: amzn_b validation failed
	at org.testng.Assert.fail(Assert.java:94)
	at twc.Regression.General.Functions.validate_aax_bid_value_with_gampad_bid_value(Functions.java:5537)
	at twc.Regression.TestCases.regressionTestCases.Verify_AQ_Details_ad_call_amazon_bid_id(regressionTestCases.java:207)
	at sun.reflect.NativeMethodAccessorImpl.invoke0(Native Method)
	at sun.reflect.NativeMethodAccessorImpl.invoke(NativeMethodAccessorImpl.java:62)
	at sun.reflect.DelegatingMethodAccessorImpl.invoke(DelegatingMethodAccessorImpl.java:43)
	at java.lang.reflect.Method.invoke(Method.java:498)
	at org.testng.internal.MethodInvocationHelper.invokeMethod(MethodInvocationHelper.java:85)
	at org.testng.internal.Invoker.invokeMethod(Invoker.java:659)
	at org.testng.internal.Invoker.invokeTestMethod(Invoker.java:845)
	at org.testng.internal.Invoker.invokeTestMethods(Invoker.java:1153)
	at org.testng.internal.TestMethodWorker.invokeTestMethods(TestMethodWorker.java:125)
	at org.testng.internal.TestMethodWorker.run(TestMethodWorker.java:108)
	at org.testng.TestRunner.privateRun(TestRunner.java:771)
	at org.testng.TestRunner.run(TestRunner.java:621)
	at org.testng.SuiteRunner.runTest(SuiteRunner.java:357)
	at org.testng.SuiteRunner.runSequentially(SuiteRunner.java:352)
	at org.testng.SuiteRunner.privateRun(SuiteRunner.java:310)
	at org.testng.SuiteRunner.run(SuiteRunner.java:259)
	at org.testng.SuiteRunnerWorker.runSuite(SuiteRunnerWorker.java:52)
	at org.testng.SuiteRunnerWorker.run(SuiteRunnerWorker.java:86)
	at org.testng.TestNG.runSuitesSequentially(TestNG.java:1199)
	at org.testng.TestNG.runSuitesLocally(TestNG.java:1124)
	at org.testng.TestNG.run(TestNG.java:1032)
	at org.testng.remote.AbstractRemoteTestNG.run(AbstractRemoteTestNG.java:115)
	at org.testng.remote.RemoteTestNG.initAndRun(RemoteTestNG.java:251)
	at org.testng.remote.RemoteTestNG.main(RemoteTestNG.java:77)
]]>
    </failure>
  </testcase> <!-- Verify_AQ_Details_ad_call_amazon_bid_id -->
  <testcase name="Verify_AlertCenter_ad_call_amazon_bid_id" time="0.429" classname="twc.Regression.TestCases.regressionTestCases"/>
  <testcase name="Verify_Health_BoatAndBeach_Details_ad_call_amazon_bid_id" time="0.391" classname="twc.Regression.TestCases.regressionTestCases"/>
  <testcase name="Verify_amazon_aax_SeasonalHub_details_adcall" time="0.421" classname="twc.Regression.TestCases.regressionTestCases">
    <failure type="java.lang.AssertionError" message="amazon aax SeasonalHub(Details) call bid value is not matched with corresponding gampad call bid value">
      <![CDATA[java.lang.AssertionError: amazon aax SeasonalHub(Details) call bid value is not matched with corresponding gampad call bid value
	at org.testng.Assert.fail(Assert.java:94)
	at twc.Regression.General.Functions.validate_aax_bid_value_with_gampad_bid_value(Functions.java:5563)
	at twc.Regression.TestCases.regressionTestCases.Verify_amazon_aax_SeasonalHub_details_adcall(regressionTestCases.java:254)
	at sun.reflect.NativeMethodAccessorImpl.invoke0(Native Method)
	at sun.reflect.NativeMethodAccessorImpl.invoke(NativeMethodAccessorImpl.java:62)
	at sun.reflect.DelegatingMethodAccessorImpl.invoke(DelegatingMethodAccessorImpl.java:43)
	at java.lang.reflect.Method.invoke(Method.java:498)
	at org.testng.internal.MethodInvocationHelper.invokeMethod(MethodInvocationHelper.java:85)
	at org.testng.internal.Invoker.invokeMethod(Invoker.java:659)
	at org.testng.internal.Invoker.invokeTestMethod(Invoker.java:845)
	at org.testng.internal.Invoker.invokeTestMethods(Invoker.java:1153)
	at org.testng.internal.TestMethodWorker.invokeTestMethods(TestMethodWorker.java:125)
	at org.testng.internal.TestMethodWorker.run(TestMethodWorker.java:108)
	at org.testng.TestRunner.privateRun(TestRunner.java:771)
	at org.testng.TestRunner.run(TestRunner.java:621)
	at org.testng.SuiteRunner.runTest(SuiteRunner.java:357)
	at org.testng.SuiteRunner.runSequentially(SuiteRunner.java:352)
	at org.testng.SuiteRunner.privateRun(SuiteRunner.java:310)
	at org.testng.SuiteRunner.run(SuiteRunner.java:259)
	at org.testng.SuiteRunnerWorker.runSuite(SuiteRunnerWorker.java:52)
	at org.testng.SuiteRunnerWorker.run(SuiteRunnerWorker.java:86)
	at org.testng.TestNG.runSuitesSequentially(TestNG.java:1199)
	at org.testng.TestNG.runSuitesLocally(TestNG.java:1124)
	at org.testng.TestNG.run(TestNG.java:1032)
	at org.testng.remote.AbstractRemoteTestNG.run(AbstractRemoteTestNG.java:115)
	at org.testng.remote.RemoteTestNG.initAndRun(RemoteTestNG.java:251)
	at org.testng.remote.RemoteTestNG.main(RemoteTestNG.java:77)
]]>
    </failure>
  </testcase> <!-- Verify_amazon_aax_SeasonalHub_details_adcall -->
  <testcase name="Verify_Health_Running_Details_ad_call_amazon_bid_id" time="0.4" classname="twc.Regression.TestCases.regressionTestCases"/>
</testsuite> <!-- Default test -->
