<?xml version="1.0" encoding="UTF-8"?>
<testng-results skipped="0" failed="2" total="17" passed="15">
  <reporter-output>
  </reporter-output>
  <suite name="Default suite" duration-ms="9560" started-at="2021-08-18T14:44:17Z" finished-at="2021-08-18T14:44:26Z">
    <groups>
    </groups>
    <test name="Default test" duration-ms="9560" started-at="2021-08-18T14:44:17Z" finished-at="2021-08-18T14:44:26Z">
      <class name="twc.Regression.TestCases.regressionTestCases">
        <test-method status="PASS" signature="Verify_homescreen_hourly_ad_call_amazon_bid_id()[pri:0, instance:twc.Regression.TestCases.regressionTestCases@30358dc7]" name="Verify_homescreen_hourly_ad_call_amazon_bid_id" duration-ms="1806" started-at="2021-08-18T20:14:17Z" finished-at="2021-08-18T20:14:19Z">
          <reporter-output>
          </reporter-output>
        </test-method> <!-- Verify_homescreen_hourly_ad_call_amazon_bid_id -->
        <test-method status="PASS" signature="Verify_Feed1_ad_call_amazon_bid_id()[pri:0, instance:twc.Regression.TestCases.regressionTestCases@30358dc7]" name="Verify_Feed1_ad_call_amazon_bid_id" duration-ms="657" started-at="2021-08-18T20:14:19Z" finished-at="2021-08-18T20:14:19Z">
          <reporter-output>
          </reporter-output>
        </test-method> <!-- Verify_Feed1_ad_call_amazon_bid_id -->
        <test-method status="PASS" signature="Verify_Feed2_ad_call_amazon_bid_id()[pri:0, instance:twc.Regression.TestCases.regressionTestCases@30358dc7]" name="Verify_Feed2_ad_call_amazon_bid_id" duration-ms="500" started-at="2021-08-18T20:14:19Z" finished-at="2021-08-18T20:14:20Z">
          <reporter-output>
          </reporter-output>
        </test-method> <!-- Verify_Feed2_ad_call_amazon_bid_id -->
        <test-method status="PASS" signature="Verify_Feed3_ad_call_amazon_bid_id()[pri:0, instance:twc.Regression.TestCases.regressionTestCases@30358dc7]" name="Verify_Feed3_ad_call_amazon_bid_id" duration-ms="437" started-at="2021-08-18T20:14:20Z" finished-at="2021-08-18T20:14:20Z">
          <reporter-output>
          </reporter-output>
        </test-method> <!-- Verify_Feed3_ad_call_amazon_bid_id -->
        <test-method status="PASS" signature="Verify_Feed4_ad_call_amazon_bid_id()[pri:0, instance:twc.Regression.TestCases.regressionTestCases@30358dc7]" name="Verify_Feed4_ad_call_amazon_bid_id" duration-ms="630" started-at="2021-08-18T20:14:20Z" finished-at="2021-08-18T20:14:21Z">
          <reporter-output>
          </reporter-output>
        </test-method> <!-- Verify_Feed4_ad_call_amazon_bid_id -->
        <test-method status="PASS" signature="Verify_Hourly_Details_ad_call_amazon_bid_id()[pri:0, instance:twc.Regression.TestCases.regressionTestCases@30358dc7]" name="Verify_Hourly_Details_ad_call_amazon_bid_id" duration-ms="403" started-at="2021-08-18T20:14:21Z" finished-at="2021-08-18T20:14:21Z">
          <reporter-output>
          </reporter-output>
        </test-method> <!-- Verify_Hourly_Details_ad_call_amazon_bid_id -->
        <test-method status="PASS" signature="Verify_Hourly1_Details_ad_call_amazon_bid_id()[pri:0, instance:twc.Regression.TestCases.regressionTestCases@30358dc7]" name="Verify_Hourly1_Details_ad_call_amazon_bid_id" duration-ms="478" started-at="2021-08-18T20:14:21Z" finished-at="2021-08-18T20:14:22Z">
          <reporter-output>
          </reporter-output>
        </test-method> <!-- Verify_Hourly1_Details_ad_call_amazon_bid_id -->
        <test-method status="PASS" signature="Verify_Hourly2_Details_ad_call_amazon_bid_id()[pri:0, instance:twc.Regression.TestCases.regressionTestCases@30358dc7]" name="Verify_Hourly2_Details_ad_call_amazon_bid_id" duration-ms="391" started-at="2021-08-18T20:14:22Z" finished-at="2021-08-18T20:14:22Z">
          <reporter-output>
          </reporter-output>
        </test-method> <!-- Verify_Hourly2_Details_ad_call_amazon_bid_id -->
        <test-method status="PASS" signature="Verify_Hourly3_Details_ad_call_amazon_bid_id()[pri:0, instance:twc.Regression.TestCases.regressionTestCases@30358dc7]" name="Verify_Hourly3_Details_ad_call_amazon_bid_id" duration-ms="567" started-at="2021-08-18T20:14:22Z" finished-at="2021-08-18T20:14:23Z">
          <reporter-output>
          </reporter-output>
        </test-method> <!-- Verify_Hourly3_Details_ad_call_amazon_bid_id -->
        <test-method status="PASS" signature="Verify_Daily_Details_ad_call_amazon_bid_id()[pri:0, instance:twc.Regression.TestCases.regressionTestCases@30358dc7]" name="Verify_Daily_Details_ad_call_amazon_bid_id" duration-ms="386" started-at="2021-08-18T20:14:23Z" finished-at="2021-08-18T20:14:23Z">
          <reporter-output>
          </reporter-output>
        </test-method> <!-- Verify_Daily_Details_ad_call_amazon_bid_id -->
        <test-method status="PASS" signature="Verify_Map_Details_ad_call_amazon_bid_id()[pri:0, instance:twc.Regression.TestCases.regressionTestCases@30358dc7]" name="Verify_Map_Details_ad_call_amazon_bid_id" duration-ms="736" started-at="2021-08-18T20:14:23Z" finished-at="2021-08-18T20:14:24Z">
          <reporter-output>
          </reporter-output>
        </test-method> <!-- Verify_Map_Details_ad_call_amazon_bid_id -->
        <test-method status="PASS" signature="Verify_Today_Details_ad_call_amazon_bid_id()[pri:0, instance:twc.Regression.TestCases.regressionTestCases@30358dc7]" name="Verify_Today_Details_ad_call_amazon_bid_id" duration-ms="420" started-at="2021-08-18T20:14:24Z" finished-at="2021-08-18T20:14:24Z">
          <reporter-output>
          </reporter-output>
        </test-method> <!-- Verify_Today_Details_ad_call_amazon_bid_id -->
        <test-method status="FAIL" signature="Verify_AQ_Details_ad_call_amazon_bid_id()[pri:0, instance:twc.Regression.TestCases.regressionTestCases@30358dc7]" name="Verify_AQ_Details_ad_call_amazon_bid_id" duration-ms="448" started-at="2021-08-18T20:14:24Z" finished-at="2021-08-18T20:14:25Z">
          <exception class="java.lang.AssertionError">
            <message>
              <![CDATA[Ad Call :iu=%2F7646%2Fapp_android_us%2Fdb_display%2Fcontent%2Faq not contains the Custom Parameter: amzn_b, hence Custom Parameter: amzn_b validation failed]]>
            </message>
            <full-stacktrace>
              <![CDATA[java.lang.AssertionError: Ad Call :iu=%2F7646%2Fapp_android_us%2Fdb_display%2Fcontent%2Faq not contains the Custom Parameter: amzn_b, hence Custom Parameter: amzn_b validation failed
	at org.testng.Assert.fail(Assert.java:94)
	at twc.Regression.General.Functions.validate_aax_bid_value_with_gampad_bid_value(Functions.java:5537)
	at twc.Regression.TestCases.regressionTestCases.Verify_AQ_Details_ad_call_amazon_bid_id(regressionTestCases.java:207)
	at sun.reflect.NativeMethodAccessorImpl.invoke0(Native Method)
	at sun.reflect.NativeMethodAccessorImpl.invoke(NativeMethodAccessorImpl.java:62)
	at sun.reflect.DelegatingMethodAccessorImpl.invoke(DelegatingMethodAccessorImpl.java:43)
	at java.lang.reflect.Method.invoke(Method.java:498)
	at org.testng.internal.MethodInvocationHelper.invokeMethod(MethodInvocationHelper.java:85)
	at org.testng.internal.Invoker.invokeMethod(Invoker.java:659)
	at org.testng.internal.Invoker.invokeTestMethod(Invoker.java:845)
	at org.testng.internal.Invoker.invokeTestMethods(Invoker.java:1153)
	at org.testng.internal.TestMethodWorker.invokeTestMethods(TestMethodWorker.java:125)
	at org.testng.internal.TestMethodWorker.run(TestMethodWorker.java:108)
	at org.testng.TestRunner.privateRun(TestRunner.java:771)
	at org.testng.TestRunner.run(TestRunner.java:621)
	at org.testng.SuiteRunner.runTest(SuiteRunner.java:357)
	at org.testng.SuiteRunner.runSequentially(SuiteRunner.java:352)
	at org.testng.SuiteRunner.privateRun(SuiteRunner.java:310)
	at org.testng.SuiteRunner.run(SuiteRunner.java:259)
	at org.testng.SuiteRunnerWorker.runSuite(SuiteRunnerWorker.java:52)
	at org.testng.SuiteRunnerWorker.run(SuiteRunnerWorker.java:86)
	at org.testng.TestNG.runSuitesSequentially(TestNG.java:1199)
	at org.testng.TestNG.runSuitesLocally(TestNG.java:1124)
	at org.testng.TestNG.run(TestNG.java:1032)
	at org.testng.remote.AbstractRemoteTestNG.run(AbstractRemoteTestNG.java:115)
	at org.testng.remote.RemoteTestNG.initAndRun(RemoteTestNG.java:251)
	at org.testng.remote.RemoteTestNG.main(RemoteTestNG.java:77)
]]>
            </full-stacktrace>
          </exception> <!-- java.lang.AssertionError -->
          <reporter-output>
          </reporter-output>
        </test-method> <!-- Verify_AQ_Details_ad_call_amazon_bid_id -->
        <test-method status="PASS" signature="Verify_AlertCenter_ad_call_amazon_bid_id()[pri:0, instance:twc.Regression.TestCases.regressionTestCases@30358dc7]" name="Verify_AlertCenter_ad_call_amazon_bid_id" duration-ms="429" started-at="2021-08-18T20:14:25Z" finished-at="2021-08-18T20:14:25Z">
          <reporter-output>
          </reporter-output>
        </test-method> <!-- Verify_AlertCenter_ad_call_amazon_bid_id -->
        <test-method status="PASS" signature="Verify_Health_BoatAndBeach_Details_ad_call_amazon_bid_id()[pri:0, instance:twc.Regression.TestCases.regressionTestCases@30358dc7]" name="Verify_Health_BoatAndBeach_Details_ad_call_amazon_bid_id" duration-ms="391" started-at="2021-08-18T20:14:25Z" finished-at="2021-08-18T20:14:26Z">
          <reporter-output>
          </reporter-output>
        </test-method> <!-- Verify_Health_BoatAndBeach_Details_ad_call_amazon_bid_id -->
        <test-method status="FAIL" signature="Verify_amazon_aax_SeasonalHub_details_adcall()[pri:0, instance:twc.Regression.TestCases.regressionTestCases@30358dc7]" name="Verify_amazon_aax_SeasonalHub_details_adcall" duration-ms="421" started-at="2021-08-18T20:14:26Z" finished-at="2021-08-18T20:14:26Z">
          <exception class="java.lang.AssertionError">
            <message>
              <![CDATA[amazon aax SeasonalHub(Details) call bid value is not matched with corresponding gampad call bid value]]>
            </message>
            <full-stacktrace>
              <![CDATA[java.lang.AssertionError: amazon aax SeasonalHub(Details) call bid value is not matched with corresponding gampad call bid value
	at org.testng.Assert.fail(Assert.java:94)
	at twc.Regression.General.Functions.validate_aax_bid_value_with_gampad_bid_value(Functions.java:5563)
	at twc.Regression.TestCases.regressionTestCases.Verify_amazon_aax_SeasonalHub_details_adcall(regressionTestCases.java:254)
	at sun.reflect.NativeMethodAccessorImpl.invoke0(Native Method)
	at sun.reflect.NativeMethodAccessorImpl.invoke(NativeMethodAccessorImpl.java:62)
	at sun.reflect.DelegatingMethodAccessorImpl.invoke(DelegatingMethodAccessorImpl.java:43)
	at java.lang.reflect.Method.invoke(Method.java:498)
	at org.testng.internal.MethodInvocationHelper.invokeMethod(MethodInvocationHelper.java:85)
	at org.testng.internal.Invoker.invokeMethod(Invoker.java:659)
	at org.testng.internal.Invoker.invokeTestMethod(Invoker.java:845)
	at org.testng.internal.Invoker.invokeTestMethods(Invoker.java:1153)
	at org.testng.internal.TestMethodWorker.invokeTestMethods(TestMethodWorker.java:125)
	at org.testng.internal.TestMethodWorker.run(TestMethodWorker.java:108)
	at org.testng.TestRunner.privateRun(TestRunner.java:771)
	at org.testng.TestRunner.run(TestRunner.java:621)
	at org.testng.SuiteRunner.runTest(SuiteRunner.java:357)
	at org.testng.SuiteRunner.runSequentially(SuiteRunner.java:352)
	at org.testng.SuiteRunner.privateRun(SuiteRunner.java:310)
	at org.testng.SuiteRunner.run(SuiteRunner.java:259)
	at org.testng.SuiteRunnerWorker.runSuite(SuiteRunnerWorker.java:52)
	at org.testng.SuiteRunnerWorker.run(SuiteRunnerWorker.java:86)
	at org.testng.TestNG.runSuitesSequentially(TestNG.java:1199)
	at org.testng.TestNG.runSuitesLocally(TestNG.java:1124)
	at org.testng.TestNG.run(TestNG.java:1032)
	at org.testng.remote.AbstractRemoteTestNG.run(AbstractRemoteTestNG.java:115)
	at org.testng.remote.RemoteTestNG.initAndRun(RemoteTestNG.java:251)
	at org.testng.remote.RemoteTestNG.main(RemoteTestNG.java:77)
]]>
            </full-stacktrace>
          </exception> <!-- java.lang.AssertionError -->
          <reporter-output>
          </reporter-output>
        </test-method> <!-- Verify_amazon_aax_SeasonalHub_details_adcall -->
        <test-method status="PASS" signature="Verify_Health_Running_Details_ad_call_amazon_bid_id()[pri:0, instance:twc.Regression.TestCases.regressionTestCases@30358dc7]" name="Verify_Health_Running_Details_ad_call_amazon_bid_id" duration-ms="400" started-at="2021-08-18T20:14:26Z" finished-at="2021-08-18T20:14:26Z">
          <reporter-output>
          </reporter-output>
        </test-method> <!-- Verify_Health_Running_Details_ad_call_amazon_bid_id -->
      </class> <!-- twc.Regression.TestCases.regressionTestCases -->
    </test> <!-- Default test -->
  </suite> <!-- Default suite -->
</testng-results>
